Ansys Lumerical 2024 R2.1 FDTD Solver Version 8.32.3856 (Windows 64bit)
 expires (month/day/year): 6/26/2025
using config file: Ansys Licensing set with ANSYSLMD_LICENSE_FILE
license host: 1055@localhost
current time: Sat Sep 21 17:35:02 2024
Running on host: WIN-CQAJA1618V0
host available memory (GB): 46.744105
All processes are communicating and ready to proceed to simulation...
Running fsp file: C:\Program Files\Lumerical\v242\bin\fdtd-engine-msmpi.exe -t 1 -remote -shared-solve-license QU5TWVNfTElDRU5TSU5HX0NPTlRFWFRfREFUQT08QU5TWVNfTElDRU5TSU5HX0NPTlRFWFRfREFUQT48SUQ+MWUyYzUyZTUtM2Y0Yy00YjBiLWE2YjYtZDkwMjUzNDQ2OTg1PC9JRD48VFlQRT5BUFBfREVGSU5FRDwvVFlQRT48TkFNRT5sdW1fc3RhbmRhcmRfc29sdmVfc2hhcmU8L05BTUU+PEhBTkRMRVI+NjUzODNAV0lOLUNRQUpBMTYxOFYwPC9IQU5ETEVSPjwvQU5TWVNfTElDRU5TSU5HX0NPTlRFWFRfREFUQT4K C:/Users/DebanikDas/Documents/GitHub/ApexPHAZE/3_full_lens_sim/full_lens_fdtd.fsp
Estimate of memory required: 1.13196e+09 bytes
number of processors is 24
processors are distributed as: 4x6x1
Peak memory used by end of initialization: 88465 kB
Running 3D Simulation
Starting meshing
Simulation size in gridpoints: ó›ëBinput file could not be openedanifold solids are supported
Refined 0 mesh cells (0.000000%)
Completed meshing!
Meshing complete in 0.640625 seconds of CPU time
Starting meshing
Simulation size in gridpoints: ó›ëBinput file could not be openedanifold solids are supported
Refined 0 mesh cells (0.000000%)
Completed meshing!
Meshing complete in 0.640625 seconds of CPU time
Starting meshing
Simulation size in gridpoints: ó›ëBinput file could not be openedanifold solids are supported
Refined 0 mesh cells (0.000000%)
Completed meshing!
Meshing complete in 0.593750 seconds of CPU time
finished material properties
Meshing Time: 1.934957 seconds, Init Electrical Material Time: 1.265810 seconds, Init Magnetic Material Time: 0.003118
Using selected optimization level: 2
Selecting 3d kernel for splitFieldDirection=0 and optLevel=2
-----------------------------------------
Beginning initialization of 3D Simulation
Starting to add sources to simulation
Adding 3D Gaussian source propagating in Z
Starting to add boundary conditions to simulation
Adding 3D Anti-Symmetric BC
Adding 3D Parallel BC
Adding 3D Symmetric BC
Adding 3D Parallel BC
Adding 3D PML BC
Adding 3D PML BC
Starting to add monitors to Simulation
Adding analysis monitor
Adding 3D DFT monitor
Adding 3D DFT monitor
Finished initialization of 3D Simulation
-----------------------------------------
Peak memory used by end of meshing: 164873 kB
All processes are communicating and ready to proceed to simulation...
Starting 21727 total iterations
0.220928% complete. Elapsed simulation time: 2.20928e-15 secs. Max time remaining: 20 mins, 1 secs. Auto Shutoff: 1
1.25193% complete. Elapsed simulation time: 1.25193e-14 secs. Max time remaining: 19 mins, 47 secs. Auto Shutoff: 1
2.28292% complete. Elapsed simulation time: 2.28292e-14 secs. Max time remaining: 19 mins, 38 secs. Auto Shutoff: 1
3.31392% complete. Elapsed simulation time: 3.31392e-14 secs. Max time remaining: 19 mins, 28 secs. Auto Shutoff: 1
4.34492% complete. Elapsed simulation time: 4.34492e-14 secs. Max time remaining: 19 mins, 9 secs. Auto Shutoff: 1
5.44956% complete. Elapsed simulation time: 5.44956e-14 secs. Max time remaining: 18 mins, 52 secs. Auto Shutoff: 1
6.48056% complete. Elapsed simulation time: 6.48056e-14 secs. Max time remaining: 18 mins, 40 secs. Auto Shutoff: 0.00300609
7.51156% complete. Elapsed simulation time: 7.51156e-14 secs. Max time remaining: 18 mins, 29 secs. Auto Shutoff: 0.00181589
8.54255% complete. Elapsed simulation time: 8.54255e-14 secs. Max time remaining: 18 mins, 15 secs. Auto Shutoff: 0.00149762
9.64719% complete. Elapsed simulation time: 9.64719e-14 secs. Max time remaining: 17 mins, 57 secs. Auto Shutoff: 0.00122149
10.6782% complete. Elapsed simulation time: 1.06782e-13 secs. Max time remaining: 17 mins, 48 secs. Auto Shutoff: 0.000983468
11.7092% complete. Elapsed simulation time: 1.17092e-13 secs. Max time remaining: 17 mins, 35 secs. Auto Shutoff: 0.00100265
12.8138% complete. Elapsed simulation time: 1.28138e-13 secs. Max time remaining: 17 mins, 22 secs. Auto Shutoff: 0.000839907
13.8448% complete. Elapsed simulation time: 1.38448e-13 secs. Max time remaining: 17 mins, 10 secs. Auto Shutoff: 0.00073483
14.9495% complete. Elapsed simulation time: 1.49495e-13 secs. Max time remaining: 16 mins, 53 secs. Auto Shutoff: 0.000658
16.0541% complete. Elapsed simulation time: 1.60541e-13 secs. Max time remaining: 16 mins, 42 secs. Auto Shutoff: 0.000604316
17.0851% complete. Elapsed simulation time: 1.70851e-13 secs. Max time remaining: 16 mins, 36 secs. Auto Shutoff: 0.000575305
18.1897% complete. Elapsed simulation time: 1.81897e-13 secs. Max time remaining: 16 mins, 23 secs. Auto Shutoff: 0.000535148
19.2207% complete. Elapsed simulation time: 1.92207e-13 secs. Max time remaining: 16 mins, 10 secs. Auto Shutoff: 0.000472783
20.2517% complete. Elapsed simulation time: 2.02517e-13 secs. Max time remaining: 15 mins, 56 secs. Auto Shutoff: 0.000386252
21.3564% complete. Elapsed simulation time: 2.13564e-13 secs. Max time remaining: 15 mins, 43 secs. Auto Shutoff: 0.000345381
22.3874% complete. Elapsed simulation time: 2.23874e-13 secs. Max time remaining: 15 mins, 32 secs. Auto Shutoff: 0.000297206
