Ansys Lumerical 2022 R2.4 FDTD Solver Version 8.28.3216 (Windows 64bit)
 expires (month/day/year): 9/24/2024
using config file: Ansys Licensing set with ANSYSLMD_LICENSE_FILE
license host: 1055@instance-1
current time: Tue Jun 4 03:08:50 2024
Running on host: instance-1
host available memory (GB): 62.739841
All processes are communicating and ready to proceed to simulation...
Running fsp file: C:\Program Files\Lumerical\v222\bin\fdtd-engine-msmpi.exe -t 1 -remote -hide -shared-solve-license QU5TWVNfTElDRU5TSU5HX0NPTlRFWFRfREFUQT08QU5TWVNfTElDRU5TSU5HX0NPTlRFWFRfREFUQT48SUQ+NWY1ZTMzMDItYzlkOC00ZWI0LTlkNTQtZDgyNDRjNzAxNjY0PC9JRD48VFlQRT5BUFBfREVGSU5FRDwvVFlQRT48TkFNRT5sdW1fc3RhbmRhcmRfc29sdmVfc2hhcmU8L05BTUU+PEhBTkRMRVI+NTY1ODJAaW5zdGFuY2UtMTwvSEFORExFUj48L0FOU1lTX0xJQ0VOU0lOR19DT05URVhUX0RBVEE+Cg== C:/Users/ddas/Documents/Debanik_Simulations/Small Scale Lens/Trial Lens Compare with David - SiSiO2/unit cell/unit_cell_fdtd_radius/radius_4.fsp
number of processors is 8
processors are distributed as: 1x2x4
Running 3D Simulation
Starting meshing
Simulation size in gridpoints: 22 x 12 x 21
Completed meshing!
Meshing complete in 0 seconds of CPU time
0 0
Starting meshing
Simulation size in gridpoints: 22 x 12 x 21
Completed meshing!
Meshing complete in 0 seconds of CPU time
0 0
Starting meshing
Simulation size in gridpoints: 22 x 12 x 21
Completed meshing!
Meshing complete in 0 seconds of CPU time
0 0
finished material properties
Meshing Time: 0.000626952 seconds, Init Electrical Material Time: 0.0027288 seconds, Init Magnetic Material Time: 2.90684e-05
Using selected optimization level: 2
Selecting 3d kernel for splitFieldDirection=0 and optLevel=2
-----------------------------------------
Beginning initialization of 3D Simulation
Starting to add sources to simulation
Adding 3D Gaussian source propagating in Z
Starting to add boundary conditions to simulation
Adding 3D Anti-Symmetric BC
Adding 3D Anti-Symmetric BC
Adding 3D Symmetric BC
Adding 3D Parallel BC
Adding 3D PML BC
Adding 3D Parallel BC
Starting to add monitors to Simulation
Adding analysis monitor
Adding analysis monitor
Adding 3D index monitor
Adding 3D index monitor
Adding 3D DFT monitor
Adding 3D DFT monitor
Finished initialization of 3D Simulation
-----------------------------------------
All processes are communicating and ready to proceed to simulation...
Starting 438745 total iterations
0.0109403% complete. Elapsed simulation time: 1.09403e-15 secs. Max time remaining: 1 min, 31 secs. Auto Shutoff: 1
100% complete. Max time remaining: 0 mins, 0 secs. Auto Shutoff: 4.63533e-06
Early termination of simulation, the autoshutoff criteria are satisfied.
Completed 2748 iterations, or 6.263316e-14s of Simulation Time
Process 0 starting to collect data
    collecting monitor data
    collecting source data
Finished collecting data
Simulation completed successfully at: Tue Jun 4 03:08:51 2024
Overall wall time measurements in seconds: 1.26044
    time to mesh and initialize: 0.0494196
    time to run FDTD simulation: 0.486604
    time to checkpoint simulation: 6.60645e-07
    time to finalize data and save to files: 0.0152394
    miscellaneous time: 0.709149
    FDTD solver speed on process 0: 31.3086 Mnodes/s
    total FDTD solver speed on 8 processes: 250.469 Mnodes/s
