Ansys Lumerical 2022 R2.4 FDTD Solver Version 8.28.3216 (Windows 64bit)
 expires (month/day/year): 9/24/2024
using config file: Ansys Licensing set with ANSYSLMD_LICENSE_FILE
license host: 1055@instance-1
current time: Mon Jun 3 06:41:01 2024
Running on host: instance-1
host available memory (GB): 62.682128
All processes are communicating and ready to proceed to simulation...
Running fsp file: C:\Program Files\Lumerical\v222\bin\fdtd-engine-msmpi.exe -t 1 -remote -shared-solve-license QU5TWVNfTElDRU5TSU5HX0NPTlRFWFRfREFUQT08QU5TWVNfTElDRU5TSU5HX0NPTlRFWFRfREFUQT48SUQ+Mjg0YzE0OGMtZTRjZS00NDhmLWI5ODktNzI3YjIxNWQ1YWYzPC9JRD48VFlQRT5BUFBfREVGSU5FRDwvVFlQRT48TkFNRT5sdW1fc3RhbmRhcmRfc29sdmVfc2hhcmU8L05BTUU+PEhBTkRMRVI+NjIzMzlAaW5zdGFuY2UtMTwvSEFORExFUj48L0FOU1lTX0xJQ0VOU0lOR19DT05URVhUX0RBVEE+Cg== C:/Users/ddas/Documents/Debanik_Simulations/Small Scale Lens/Trial Lens Compare with David - SiSiO2/unit cell/unit_cell_fdtd.fsp
number of processors is 8
processors are distributed as: 1x2x4
Running 3D Simulation
Starting meshing
Simulation size in gridpoints: 22 x 12 x 24
Completed meshing!
Meshing complete in 0 seconds of CPU time
0 0
Starting meshing
Simulation size in gridpoints: 22 x 12 x 24
Completed meshing!
Meshing complete in 0 seconds of CPU time
0 0
Starting meshing
Simulation size in gridpoints: 22 x 12 x 24
Completed meshing!
Meshing complete in 0 seconds of CPU time
0 0
finished material properties
Meshing Time: 0.000694999 seconds, Init Electrical Material Time: 0.00612947 seconds, Init Magnetic Material Time: 3.36929e-05
Using selected optimization level: 2
Selecting 3d kernel for splitFieldDirection=0 and optLevel=2
-----------------------------------------
Beginning initialization of 3D Simulation
Starting to add sources to simulation
Adding 3D Gaussian source propagating in Z
Starting to add boundary conditions to simulation
Adding 3D Anti-Symmetric BC
Adding 3D Anti-Symmetric BC
Adding 3D Symmetric BC
Adding 3D Parallel BC
Adding 3D PML BC
Adding 3D Parallel BC
Starting to add monitors to Simulation
Adding analysis monitor
Adding analysis monitor
Adding 3D index monitor
Adding 3D index monitor
Adding 3D DFT monitor
Adding 3D DFT monitor
Finished initialization of 3D Simulation
-----------------------------------------
All processes are communicating and ready to proceed to simulation...
Starting 457339 total iterations
0.0104955% complete. Elapsed simulation time: 1.04955e-15 secs. Max time remaining: 1 min, 47 secs. Auto Shutoff: 1
1.78773% complete. Elapsed simulation time: 1.78773e-13 secs. Max time remaining: 1 min, 39 secs. Auto Shutoff: 0.0549541
3.57896% complete. Elapsed simulation time: 3.57896e-13 secs. Max time remaining: 1 min, 37 secs. Auto Shutoff: 0.0292236
5.37019% complete. Elapsed simulation time: 5.37019e-13 secs. Max time remaining: 1 min, 35 secs. Auto Shutoff: 0.0137441
7.16142% complete. Elapsed simulation time: 7.16142e-13 secs. Max time remaining: 1 min, 34 secs. Auto Shutoff: 0.00619255
8.95265% complete. Elapsed simulation time: 8.95265e-13 secs. Max time remaining: 1 min, 33 secs. Auto Shutoff: 0.00747018
10.7439% complete. Elapsed simulation time: 1.07439e-12 secs. Max time remaining: 1 min, 31 secs. Auto Shutoff: 0.00442097
12.5351% complete. Elapsed simulation time: 1.25351e-12 secs. Max time remaining: 1 min, 30 secs. Auto Shutoff: 0.00409925
14.3263% complete. Elapsed simulation time: 1.43263e-12 secs. Max time remaining: 1 min, 28 secs. Auto Shutoff: 0.00460325
16.1176% complete. Elapsed simulation time: 1.61176e-12 secs. Max time remaining: 1 min, 26 secs. Auto Shutoff: 0.00203512
17.9088% complete. Elapsed simulation time: 1.79088e-12 secs. Max time remaining: 1 min, 24 secs. Auto Shutoff: 0.00348669
19.7% complete. Elapsed simulation time: 1.97e-12 secs. Max time remaining: 1 min, 23 secs. Auto Shutoff: 0.00164425
21.4913% complete. Elapsed simulation time: 2.14913e-12 secs. Max time remaining: 1 min, 21 secs. Auto Shutoff: 0.00177798
23.2825% complete. Elapsed simulation time: 2.32825e-12 secs. Max time remaining: 1 min, 19 secs. Auto Shutoff: 0.00275265
25.0737% complete. Elapsed simulation time: 2.50737e-12 secs. Max time remaining: 1 min, 17 secs. Auto Shutoff: 0.00100433
26.8649% complete. Elapsed simulation time: 2.68649e-12 secs. Max time remaining: 1 min, 15 secs. Auto Shutoff: 0.001543
28.6562% complete. Elapsed simulation time: 2.86562e-12 secs. Max time remaining: 1 min, 13 secs. Auto Shutoff: 0.00108132
30.4474% complete. Elapsed simulation time: 3.04474e-12 secs. Max time remaining: 1 min, 11 secs. Auto Shutoff: 0.000771161
32.2386% complete. Elapsed simulation time: 3.22386e-12 secs. Max time remaining: 1 min, 10 secs. Auto Shutoff: 0.00174695
34.0299% complete. Elapsed simulation time: 3.40299e-12 secs. Max time remaining: 1 min, 8 secs. Auto Shutoff: 0.000661021
35.8211% complete. Elapsed simulation time: 3.58211e-12 secs. Max time remaining: 1 min, 6 secs. Auto Shutoff: 0.00125052
37.6123% complete. Elapsed simulation time: 3.76123e-12 secs. Max time remaining: 1 min, 4 secs. Auto Shutoff: 0.00100677
39.4036% complete. Elapsed simulation time: 3.94036e-12 secs. Max time remaining: 1 min, 2 secs. Auto Shutoff: 0.000487747
41.1948% complete. Elapsed simulation time: 4.11948e-12 secs. Max time remaining: 1 min, 0 secs. Auto Shutoff: 0.00101011
42.986% complete. Elapsed simulation time: 4.2986e-12 secs. Max time remaining: 59 secs. Auto Shutoff: 0.000425994
44.7772% complete. Elapsed simulation time: 4.47772e-12 secs. Max time remaining: 57 secs. Auto Shutoff: 0.00064916
46.5685% complete. Elapsed simulation time: 4.65685e-12 secs. Max time remaining: 55 secs. Auto Shutoff: 0.00077823
48.3597% complete. Elapsed simulation time: 4.83597e-12 secs. Max time remaining: 53 secs. Auto Shutoff: 0.000371118
50.1509% complete. Elapsed simulation time: 5.01509e-12 secs. Max time remaining: 51 secs. Auto Shutoff: 0.000879487
51.9422% complete. Elapsed simulation time: 5.19422e-12 secs. Max time remaining: 50 secs. Auto Shutoff: 0.000314795
53.7334% complete. Elapsed simulation time: 5.37334e-12 secs. Max time remaining: 48 secs. Auto Shutoff: 0.000480601
55.5246% complete. Elapsed simulation time: 5.55246e-12 secs. Max time remaining: 46 secs. Auto Shutoff: 0.000471404
57.3159% complete. Elapsed simulation time: 5.73159e-12 secs. Max time remaining: 44 secs. Auto Shutoff: 0.000325801
59.1071% complete. Elapsed simulation time: 5.91071e-12 secs. Max time remaining: 42 secs. Auto Shutoff: 0.000545292
60.8983% complete. Elapsed simulation time: 6.08983e-12 secs. Max time remaining: 40 secs. Auto Shutoff: 0.00028383
62.6895% complete. Elapsed simulation time: 6.26895e-12 secs. Max time remaining: 38 secs. Auto Shutoff: 0.000409023
64.4808% complete. Elapsed simulation time: 6.44808e-12 secs. Max time remaining: 37 secs. Auto Shutoff: 0.000440122
66.272% complete. Elapsed simulation time: 6.6272e-12 secs. Max time remaining: 35 secs. Auto Shutoff: 0.000216148
68.0632% complete. Elapsed simulation time: 6.80632e-12 secs. Max time remaining: 33 secs. Auto Shutoff: 0.000506042
69.8545% complete. Elapsed simulation time: 6.98545e-12 secs. Max time remaining: 31 secs. Auto Shutoff: 0.000209115
71.6457% complete. Elapsed simulation time: 7.16457e-12 secs. Max time remaining: 29 secs. Auto Shutoff: 0.000431075
73.4369% complete. Elapsed simulation time: 7.34369e-12 secs. Max time remaining: 27 secs. Auto Shutoff: 0.000241817
75.2282% complete. Elapsed simulation time: 7.52282e-12 secs. Max time remaining: 25 secs. Auto Shutoff: 0.000261314
77.0194% complete. Elapsed simulation time: 7.70194e-12 secs. Max time remaining: 24 secs. Auto Shutoff: 0.000395552
78.8106% complete. Elapsed simulation time: 7.88106e-12 secs. Max time remaining: 22 secs. Auto Shutoff: 0.000184932
80.6018% complete. Elapsed simulation time: 8.06018e-12 secs. Max time remaining: 20 secs. Auto Shutoff: 0.000345397
82.3931% complete. Elapsed simulation time: 8.23931e-12 secs. Max time remaining: 18 secs. Auto Shutoff: 0.000279649
84.1843% complete. Elapsed simulation time: 8.41843e-12 secs. Max time remaining: 16 secs. Auto Shutoff: 0.000159989
85.9755% complete. Elapsed simulation time: 8.59755e-12 secs. Max time remaining: 14 secs. Auto Shutoff: 0.000391004
87.7668% complete. Elapsed simulation time: 8.77668e-12 secs. Max time remaining: 13 secs. Auto Shutoff: 0.000185243
89.558% complete. Elapsed simulation time: 8.9558e-12 secs. Max time remaining: 11 secs. Auto Shutoff: 0.000380793
91.3492% complete. Elapsed simulation time: 9.13492e-12 secs. Max time remaining: 9 secs. Auto Shutoff: 0.000175425
93.1405% complete. Elapsed simulation time: 9.31405e-12 secs. Max time remaining: 7 secs. Auto Shutoff: 0.00016126
94.9317% complete. Elapsed simulation time: 9.49317e-12 secs. Max time remaining: 5 secs. Auto Shutoff: 0.000363873
96.7229% complete. Elapsed simulation time: 9.67229e-12 secs. Max time remaining: 3 secs. Auto Shutoff: 0.000168749
98.5141% complete. Elapsed simulation time: 9.85141e-12 secs. Max time remaining: 2 secs. Auto Shutoff: 0.000286989
99.9999% complete. Elapsed simulation time: 9.99999e-12 secs. Max time remaining: 0 secs. Auto Shutoff: 0.000204528
Completed 457339 iterations, or 9.999991e-12s of Simulation Time
Process 0 starting to collect data
    collecting monitor data
    collecting source data
Finished collecting data
Simulation completed successfully at: Mon Jun 3 06:42:44 2024
Overall wall time measurements in seconds: 103.164
    time to mesh and initialize: 0.0587188
    time to run FDTD simulation: 102.373
    time to checkpoint simulation: 6.60645e-07
    time to finalize data and save to files: 0.013281
    miscellaneous time: 0.718691
    FDTD solver speed on process 0: 28.3054 Mnodes/s
    total FDTD solver speed on 8 processes: 226.443 Mnodes/s
